<?xml version="1.0" encoding="UTF-8"?>
<testsuite xmlns:xsi="http://www.w3.org/2001/XMLSchema-instance" xsi:noNamespaceSchemaLocation="https://maven.apache.org/surefire/maven-surefire-plugin/xsd/surefire-test-report.xsd" name="bank.poalim.analyzer.AnalyzerApplicationTests" time="0.035" tests="1" errors="0" skipped="0" failures="0">
  <properties>
    <property name="sun.desktop" value="gnome"/>
    <property name="awt.toolkit" value="sun.awt.X11.XToolkit"/>
    <property name="java.specification.version" value="11"/>
    <property name="sun.cpu.isalist" value=""/>
    <property name="sun.jnu.encoding" value="UTF-8"/>
    <property name="java.class.path" value="/home/develeap/Projects/analzyer/target/test-classes:/home/develeap/Projects/analzyer/target/classes:/home/develeap/.m2/repository/org/springframework/boot/spring-boot-starter-web/2.4.5/spring-boot-starter-web-2.4.5.jar:/home/develeap/.m2/repository/org/springframework/boot/spring-boot-starter/2.4.5/spring-boot-starter-2.4.5.jar:/home/develeap/.m2/repository/org/springframework/boot/spring-boot/2.4.5/spring-boot-2.4.5.jar:/home/develeap/.m2/repository/org/springframework/boot/spring-boot-autoconfigure/2.4.5/spring-boot-autoconfigure-2.4.5.jar:/home/develeap/.m2/repository/org/springframework/boot/spring-boot-starter-logging/2.4.5/spring-boot-starter-logging-2.4.5.jar:/home/develeap/.m2/repository/ch/qos/logback/logback-classic/1.2.3/logback-classic-1.2.3.jar:/home/develeap/.m2/repository/ch/qos/logback/logback-core/1.2.3/logback-core-1.2.3.jar:/home/develeap/.m2/repository/org/apache/logging/log4j/log4j-to-slf4j/2.13.3/log4j-to-slf4j-2.13.3.jar:/home/develeap/.m2/repository/org/apache/logging/log4j/log4j-api/2.13.3/log4j-api-2.13.3.jar:/home/develeap/.m2/repository/org/slf4j/jul-to-slf4j/1.7.30/jul-to-slf4j-1.7.30.jar:/home/develeap/.m2/repository/jakarta/annotation/jakarta.annotation-api/1.3.5/jakarta.annotation-api-1.3.5.jar:/home/develeap/.m2/repository/org/yaml/snakeyaml/1.27/snakeyaml-1.27.jar:/home/develeap/.m2/repository/org/springframework/boot/spring-boot-starter-json/2.4.5/spring-boot-starter-json-2.4.5.jar:/home/develeap/.m2/repository/com/fasterxml/jackson/core/jackson-databind/2.11.4/jackson-databind-2.11.4.jar:/home/develeap/.m2/repository/com/fasterxml/jackson/core/jackson-annotations/2.11.4/jackson-annotations-2.11.4.jar:/home/develeap/.m2/repository/com/fasterxml/jackson/datatype/jackson-datatype-jdk8/2.11.4/jackson-datatype-jdk8-2.11.4.jar:/home/develeap/.m2/repository/com/fasterxml/jackson/datatype/jackson-datatype-jsr310/2.11.4/jackson-datatype-jsr310-2.11.4.jar:/home/develeap/.m2/repository/com/fasterxml/jackson/module/jackson-module-parameter-names/2.11.4/jackson-module-parameter-names-2.11.4.jar:/home/develeap/.m2/repository/org/springframework/boot/spring-boot-starter-tomcat/2.4.5/spring-boot-starter-tomcat-2.4.5.jar:/home/develeap/.m2/repository/org/apache/tomcat/embed/tomcat-embed-core/9.0.45/tomcat-embed-core-9.0.45.jar:/home/develeap/.m2/repository/org/glassfish/jakarta.el/3.0.3/jakarta.el-3.0.3.jar:/home/develeap/.m2/repository/org/apache/tomcat/embed/tomcat-embed-websocket/9.0.45/tomcat-embed-websocket-9.0.45.jar:/home/develeap/.m2/repository/org/springframework/spring-web/5.3.6/spring-web-5.3.6.jar:/home/develeap/.m2/repository/org/springframework/spring-beans/5.3.6/spring-beans-5.3.6.jar:/home/develeap/.m2/repository/org/springframework/spring-webmvc/5.3.6/spring-webmvc-5.3.6.jar:/home/develeap/.m2/repository/org/springframework/spring-aop/5.3.6/spring-aop-5.3.6.jar:/home/develeap/.m2/repository/org/springframework/spring-context/5.3.6/spring-context-5.3.6.jar:/home/develeap/.m2/repository/org/springframework/spring-expression/5.3.6/spring-expression-5.3.6.jar:/home/develeap/.m2/repository/com/azure/spring/azure-spring-boot-starter/3.3.0/azure-spring-boot-starter-3.3.0.jar:/home/develeap/.m2/repository/org/springframework/boot/spring-boot-starter-validation/2.4.5/spring-boot-starter-validation-2.4.5.jar:/home/develeap/.m2/repository/org/hibernate/validator/hibernate-validator/6.1.7.Final/hibernate-validator-6.1.7.Final.jar:/home/develeap/.m2/repository/jakarta/validation/jakarta.validation-api/2.0.2/jakarta.validation-api-2.0.2.jar:/home/develeap/.m2/repository/org/jboss/logging/jboss-logging/3.4.1.Final/jboss-logging-3.4.1.Final.jar:/home/develeap/.m2/repository/com/fasterxml/classmate/1.5.1/classmate-1.5.1.jar:/home/develeap/.m2/repository/com/azure/spring/azure-spring-boot/3.3.0/azure-spring-boot-3.3.0.jar:/home/develeap/.m2/repository/org/slf4j/slf4j-api/1.7.30/slf4j-api-1.7.30.jar:/home/develeap/.m2/repository/javax/validation/validation-api/2.0.1.Final/validation-api-2.0.1.Final.jar:/home/develeap/.m2/repository/javax/annotation/javax.annotation-api/1.3.2/javax.annotation-api-1.3.2.jar:/home/develeap/.m2/repository/net/minidev/json-smart/2.3/json-smart-2.3.jar:/home/develeap/.m2/repository/net/minidev/accessors-smart/1.2/accessors-smart-1.2.jar:/home/develeap/.m2/repository/org/ow2/asm/asm/5.0.4/asm-5.0.4.jar:/home/develeap/.m2/repository/com/github/spotbugs/spotbugs-annotations/4.2.0/spotbugs-annotations-4.2.0.jar:/home/develeap/.m2/repository/com/google/code/findbugs/jsr305/3.0.2/jsr305-3.0.2.jar:/home/develeap/.m2/repository/org/projectlombok/lombok/1.18.20/lombok-1.18.20.jar:/home/develeap/.m2/repository/org/springframework/boot/spring-boot-starter-test/2.4.5/spring-boot-starter-test-2.4.5.jar:/home/develeap/.m2/repository/org/springframework/boot/spring-boot-test/2.4.5/spring-boot-test-2.4.5.jar:/home/develeap/.m2/repository/org/springframework/boot/spring-boot-test-autoconfigure/2.4.5/spring-boot-test-autoconfigure-2.4.5.jar:/home/develeap/.m2/repository/com/jayway/jsonpath/json-path/2.4.0/json-path-2.4.0.jar:/home/develeap/.m2/repository/jakarta/xml/bind/jakarta.xml.bind-api/2.3.3/jakarta.xml.bind-api-2.3.3.jar:/home/develeap/.m2/repository/jakarta/activation/jakarta.activation-api/1.2.2/jakarta.activation-api-1.2.2.jar:/home/develeap/.m2/repository/org/assertj/assertj-core/3.18.1/assertj-core-3.18.1.jar:/home/develeap/.m2/repository/org/hamcrest/hamcrest/2.2/hamcrest-2.2.jar:/home/develeap/.m2/repository/org/junit/jupiter/junit-jupiter/5.7.1/junit-jupiter-5.7.1.jar:/home/develeap/.m2/repository/org/junit/jupiter/junit-jupiter-api/5.7.1/junit-jupiter-api-5.7.1.jar:/home/develeap/.m2/repository/org/apiguardian/apiguardian-api/1.1.0/apiguardian-api-1.1.0.jar:/home/develeap/.m2/repository/org/opentest4j/opentest4j/1.2.0/opentest4j-1.2.0.jar:/home/develeap/.m2/repository/org/junit/platform/junit-platform-commons/1.7.1/junit-platform-commons-1.7.1.jar:/home/develeap/.m2/repository/org/junit/jupiter/junit-jupiter-params/5.7.1/junit-jupiter-params-5.7.1.jar:/home/develeap/.m2/repository/org/junit/jupiter/junit-jupiter-engine/5.7.1/junit-jupiter-engine-5.7.1.jar:/home/develeap/.m2/repository/org/junit/platform/junit-platform-engine/1.7.1/junit-platform-engine-1.7.1.jar:/home/develeap/.m2/repository/org/mockito/mockito-core/3.6.28/mockito-core-3.6.28.jar:/home/develeap/.m2/repository/net/bytebuddy/byte-buddy/1.10.22/byte-buddy-1.10.22.jar:/home/develeap/.m2/repository/net/bytebuddy/byte-buddy-agent/1.10.22/byte-buddy-agent-1.10.22.jar:/home/develeap/.m2/repository/org/objenesis/objenesis/3.1/objenesis-3.1.jar:/home/develeap/.m2/repository/org/mockito/mockito-junit-jupiter/3.6.28/mockito-junit-jupiter-3.6.28.jar:/home/develeap/.m2/repository/org/skyscreamer/jsonassert/1.5.0/jsonassert-1.5.0.jar:/home/develeap/.m2/repository/com/vaadin/external/google/android-json/0.0.20131108.vaadin1/android-json-0.0.20131108.vaadin1.jar:/home/develeap/.m2/repository/org/springframework/spring-core/5.3.6/spring-core-5.3.6.jar:/home/develeap/.m2/repository/org/springframework/spring-jcl/5.3.6/spring-jcl-5.3.6.jar:/home/develeap/.m2/repository/org/springframework/spring-test/5.3.6/spring-test-5.3.6.jar:/home/develeap/.m2/repository/org/xmlunit/xmlunit-core/2.7.0/xmlunit-core-2.7.0.jar:/home/develeap/.m2/repository/org/springdoc/springdoc-openapi-ui/1.5.2/springdoc-openapi-ui-1.5.2.jar:/home/develeap/.m2/repository/org/springdoc/springdoc-openapi-webmvc-core/1.5.2/springdoc-openapi-webmvc-core-1.5.2.jar:/home/develeap/.m2/repository/org/springdoc/springdoc-openapi-common/1.5.2/springdoc-openapi-common-1.5.2.jar:/home/develeap/.m2/repository/io/swagger/core/v3/swagger-models/2.1.6/swagger-models-2.1.6.jar:/home/develeap/.m2/repository/io/swagger/core/v3/swagger-annotations/2.1.6/swagger-annotations-2.1.6.jar:/home/develeap/.m2/repository/io/swagger/core/v3/swagger-integration/2.1.6/swagger-integration-2.1.6.jar:/home/develeap/.m2/repository/io/swagger/core/v3/swagger-core/2.1.6/swagger-core-2.1.6.jar:/home/develeap/.m2/repository/com/fasterxml/jackson/dataformat/jackson-dataformat-yaml/2.11.4/jackson-dataformat-yaml-2.11.4.jar:/home/develeap/.m2/repository/io/github/classgraph/classgraph/4.8.69/classgraph-4.8.69.jar:/home/develeap/.m2/repository/org/apache/commons/commons-lang3/3.11/commons-lang3-3.11.jar:/home/develeap/.m2/repository/org/webjars/swagger-ui/3.38.0/swagger-ui-3.38.0.jar:/home/develeap/.m2/repository/org/webjars/webjars-locator-core/0.46/webjars-locator-core-0.46.jar:/home/develeap/.m2/repository/com/fasterxml/jackson/core/jackson-core/2.11.4/jackson-core-2.11.4.jar:"/>
    <property name="java.vm.vendor" value="Ubuntu"/>
    <property name="sun.arch.data.model" value="64"/>
    <property name="java.vendor.url" value="https://ubuntu.com/"/>
    <property name="user.timezone" value=""/>
    <property name="java.vm.specification.version" value="11"/>
    <property name="os.name" value="Linux"/>
    <property name="sun.java.launcher" value="SUN_STANDARD"/>
    <property name="user.country" value="US"/>
    <property name="sun.boot.library.path" value="/usr/lib/jvm/java-11-openjdk-amd64/lib"/>
    <property name="sun.java.command" value="/home/develeap/Projects/analzyer/target/surefire/surefirebooter12228386627531266424.jar /home/develeap/Projects/analzyer/target/surefire 2021-05-10T11-16-37_224-jvmRun1 surefire17804032148708557196tmp surefire_03493032777027976023tmp"/>
    <property name="jdk.debug" value="release"/>
    <property name="surefire.test.class.path" value="/home/develeap/Projects/analzyer/target/test-classes:/home/develeap/Projects/analzyer/target/classes:/home/develeap/.m2/repository/org/springframework/boot/spring-boot-starter-web/2.4.5/spring-boot-starter-web-2.4.5.jar:/home/develeap/.m2/repository/org/springframework/boot/spring-boot-starter/2.4.5/spring-boot-starter-2.4.5.jar:/home/develeap/.m2/repository/org/springframework/boot/spring-boot/2.4.5/spring-boot-2.4.5.jar:/home/develeap/.m2/repository/org/springframework/boot/spring-boot-autoconfigure/2.4.5/spring-boot-autoconfigure-2.4.5.jar:/home/develeap/.m2/repository/org/springframework/boot/spring-boot-starter-logging/2.4.5/spring-boot-starter-logging-2.4.5.jar:/home/develeap/.m2/repository/ch/qos/logback/logback-classic/1.2.3/logback-classic-1.2.3.jar:/home/develeap/.m2/repository/ch/qos/logback/logback-core/1.2.3/logback-core-1.2.3.jar:/home/develeap/.m2/repository/org/apache/logging/log4j/log4j-to-slf4j/2.13.3/log4j-to-slf4j-2.13.3.jar:/home/develeap/.m2/repository/org/apache/logging/log4j/log4j-api/2.13.3/log4j-api-2.13.3.jar:/home/develeap/.m2/repository/org/slf4j/jul-to-slf4j/1.7.30/jul-to-slf4j-1.7.30.jar:/home/develeap/.m2/repository/jakarta/annotation/jakarta.annotation-api/1.3.5/jakarta.annotation-api-1.3.5.jar:/home/develeap/.m2/repository/org/yaml/snakeyaml/1.27/snakeyaml-1.27.jar:/home/develeap/.m2/repository/org/springframework/boot/spring-boot-starter-json/2.4.5/spring-boot-starter-json-2.4.5.jar:/home/develeap/.m2/repository/com/fasterxml/jackson/core/jackson-databind/2.11.4/jackson-databind-2.11.4.jar:/home/develeap/.m2/repository/com/fasterxml/jackson/core/jackson-annotations/2.11.4/jackson-annotations-2.11.4.jar:/home/develeap/.m2/repository/com/fasterxml/jackson/datatype/jackson-datatype-jdk8/2.11.4/jackson-datatype-jdk8-2.11.4.jar:/home/develeap/.m2/repository/com/fasterxml/jackson/datatype/jackson-datatype-jsr310/2.11.4/jackson-datatype-jsr310-2.11.4.jar:/home/develeap/.m2/repository/com/fasterxml/jackson/module/jackson-module-parameter-names/2.11.4/jackson-module-parameter-names-2.11.4.jar:/home/develeap/.m2/repository/org/springframework/boot/spring-boot-starter-tomcat/2.4.5/spring-boot-starter-tomcat-2.4.5.jar:/home/develeap/.m2/repository/org/apache/tomcat/embed/tomcat-embed-core/9.0.45/tomcat-embed-core-9.0.45.jar:/home/develeap/.m2/repository/org/glassfish/jakarta.el/3.0.3/jakarta.el-3.0.3.jar:/home/develeap/.m2/repository/org/apache/tomcat/embed/tomcat-embed-websocket/9.0.45/tomcat-embed-websocket-9.0.45.jar:/home/develeap/.m2/repository/org/springframework/spring-web/5.3.6/spring-web-5.3.6.jar:/home/develeap/.m2/repository/org/springframework/spring-beans/5.3.6/spring-beans-5.3.6.jar:/home/develeap/.m2/repository/org/springframework/spring-webmvc/5.3.6/spring-webmvc-5.3.6.jar:/home/develeap/.m2/repository/org/springframework/spring-aop/5.3.6/spring-aop-5.3.6.jar:/home/develeap/.m2/repository/org/springframework/spring-context/5.3.6/spring-context-5.3.6.jar:/home/develeap/.m2/repository/org/springframework/spring-expression/5.3.6/spring-expression-5.3.6.jar:/home/develeap/.m2/repository/com/azure/spring/azure-spring-boot-starter/3.3.0/azure-spring-boot-starter-3.3.0.jar:/home/develeap/.m2/repository/org/springframework/boot/spring-boot-starter-validation/2.4.5/spring-boot-starter-validation-2.4.5.jar:/home/develeap/.m2/repository/org/hibernate/validator/hibernate-validator/6.1.7.Final/hibernate-validator-6.1.7.Final.jar:/home/develeap/.m2/repository/jakarta/validation/jakarta.validation-api/2.0.2/jakarta.validation-api-2.0.2.jar:/home/develeap/.m2/repository/org/jboss/logging/jboss-logging/3.4.1.Final/jboss-logging-3.4.1.Final.jar:/home/develeap/.m2/repository/com/fasterxml/classmate/1.5.1/classmate-1.5.1.jar:/home/develeap/.m2/repository/com/azure/spring/azure-spring-boot/3.3.0/azure-spring-boot-3.3.0.jar:/home/develeap/.m2/repository/org/slf4j/slf4j-api/1.7.30/slf4j-api-1.7.30.jar:/home/develeap/.m2/repository/javax/validation/validation-api/2.0.1.Final/validation-api-2.0.1.Final.jar:/home/develeap/.m2/repository/javax/annotation/javax.annotation-api/1.3.2/javax.annotation-api-1.3.2.jar:/home/develeap/.m2/repository/net/minidev/json-smart/2.3/json-smart-2.3.jar:/home/develeap/.m2/repository/net/minidev/accessors-smart/1.2/accessors-smart-1.2.jar:/home/develeap/.m2/repository/org/ow2/asm/asm/5.0.4/asm-5.0.4.jar:/home/develeap/.m2/repository/com/github/spotbugs/spotbugs-annotations/4.2.0/spotbugs-annotations-4.2.0.jar:/home/develeap/.m2/repository/com/google/code/findbugs/jsr305/3.0.2/jsr305-3.0.2.jar:/home/develeap/.m2/repository/org/projectlombok/lombok/1.18.20/lombok-1.18.20.jar:/home/develeap/.m2/repository/org/springframework/boot/spring-boot-starter-test/2.4.5/spring-boot-starter-test-2.4.5.jar:/home/develeap/.m2/repository/org/springframework/boot/spring-boot-test/2.4.5/spring-boot-test-2.4.5.jar:/home/develeap/.m2/repository/org/springframework/boot/spring-boot-test-autoconfigure/2.4.5/spring-boot-test-autoconfigure-2.4.5.jar:/home/develeap/.m2/repository/com/jayway/jsonpath/json-path/2.4.0/json-path-2.4.0.jar:/home/develeap/.m2/repository/jakarta/xml/bind/jakarta.xml.bind-api/2.3.3/jakarta.xml.bind-api-2.3.3.jar:/home/develeap/.m2/repository/jakarta/activation/jakarta.activation-api/1.2.2/jakarta.activation-api-1.2.2.jar:/home/develeap/.m2/repository/org/assertj/assertj-core/3.18.1/assertj-core-3.18.1.jar:/home/develeap/.m2/repository/org/hamcrest/hamcrest/2.2/hamcrest-2.2.jar:/home/develeap/.m2/repository/org/junit/jupiter/junit-jupiter/5.7.1/junit-jupiter-5.7.1.jar:/home/develeap/.m2/repository/org/junit/jupiter/junit-jupiter-api/5.7.1/junit-jupiter-api-5.7.1.jar:/home/develeap/.m2/repository/org/apiguardian/apiguardian-api/1.1.0/apiguardian-api-1.1.0.jar:/home/develeap/.m2/repository/org/opentest4j/opentest4j/1.2.0/opentest4j-1.2.0.jar:/home/develeap/.m2/repository/org/junit/platform/junit-platform-commons/1.7.1/junit-platform-commons-1.7.1.jar:/home/develeap/.m2/repository/org/junit/jupiter/junit-jupiter-params/5.7.1/junit-jupiter-params-5.7.1.jar:/home/develeap/.m2/repository/org/junit/jupiter/junit-jupiter-engine/5.7.1/junit-jupiter-engine-5.7.1.jar:/home/develeap/.m2/repository/org/junit/platform/junit-platform-engine/1.7.1/junit-platform-engine-1.7.1.jar:/home/develeap/.m2/repository/org/mockito/mockito-core/3.6.28/mockito-core-3.6.28.jar:/home/develeap/.m2/repository/net/bytebuddy/byte-buddy/1.10.22/byte-buddy-1.10.22.jar:/home/develeap/.m2/repository/net/bytebuddy/byte-buddy-agent/1.10.22/byte-buddy-agent-1.10.22.jar:/home/develeap/.m2/repository/org/objenesis/objenesis/3.1/objenesis-3.1.jar:/home/develeap/.m2/repository/org/mockito/mockito-junit-jupiter/3.6.28/mockito-junit-jupiter-3.6.28.jar:/home/develeap/.m2/repository/org/skyscreamer/jsonassert/1.5.0/jsonassert-1.5.0.jar:/home/develeap/.m2/repository/com/vaadin/external/google/android-json/0.0.20131108.vaadin1/android-json-0.0.20131108.vaadin1.jar:/home/develeap/.m2/repository/org/springframework/spring-core/5.3.6/spring-core-5.3.6.jar:/home/develeap/.m2/repository/org/springframework/spring-jcl/5.3.6/spring-jcl-5.3.6.jar:/home/develeap/.m2/repository/org/springframework/spring-test/5.3.6/spring-test-5.3.6.jar:/home/develeap/.m2/repository/org/xmlunit/xmlunit-core/2.7.0/xmlunit-core-2.7.0.jar:/home/develeap/.m2/repository/org/springdoc/springdoc-openapi-ui/1.5.2/springdoc-openapi-ui-1.5.2.jar:/home/develeap/.m2/repository/org/springdoc/springdoc-openapi-webmvc-core/1.5.2/springdoc-openapi-webmvc-core-1.5.2.jar:/home/develeap/.m2/repository/org/springdoc/springdoc-openapi-common/1.5.2/springdoc-openapi-common-1.5.2.jar:/home/develeap/.m2/repository/io/swagger/core/v3/swagger-models/2.1.6/swagger-models-2.1.6.jar:/home/develeap/.m2/repository/io/swagger/core/v3/swagger-annotations/2.1.6/swagger-annotations-2.1.6.jar:/home/develeap/.m2/repository/io/swagger/core/v3/swagger-integration/2.1.6/swagger-integration-2.1.6.jar:/home/develeap/.m2/repository/io/swagger/core/v3/swagger-core/2.1.6/swagger-core-2.1.6.jar:/home/develeap/.m2/repository/com/fasterxml/jackson/dataformat/jackson-dataformat-yaml/2.11.4/jackson-dataformat-yaml-2.11.4.jar:/home/develeap/.m2/repository/io/github/classgraph/classgraph/4.8.69/classgraph-4.8.69.jar:/home/develeap/.m2/repository/org/apache/commons/commons-lang3/3.11/commons-lang3-3.11.jar:/home/develeap/.m2/repository/org/webjars/swagger-ui/3.38.0/swagger-ui-3.38.0.jar:/home/develeap/.m2/repository/org/webjars/webjars-locator-core/0.46/webjars-locator-core-0.46.jar:/home/develeap/.m2/repository/com/fasterxml/jackson/core/jackson-core/2.11.4/jackson-core-2.11.4.jar:"/>
    <property name="sun.cpu.endian" value="little"/>
    <property name="user.home" value="/home/develeap"/>
    <property name="user.language" value="en"/>
    <property name="java.specification.vendor" value="Oracle Corporation"/>
    <property name="java.version.date" value="2021-04-20"/>
    <property name="java.home" value="/usr/lib/jvm/java-11-openjdk-amd64"/>
    <property name="file.separator" value="/"/>
    <property name="basedir" value="/home/develeap/Projects/analzyer"/>
    <property name="java.vm.compressedOopsMode" value="32-bit"/>
    <property name="line.separator" value="&#10;"/>
    <property name="java.specification.name" value="Java Platform API Specification"/>
    <property name="java.vm.specification.vendor" value="Oracle Corporation"/>
    <property name="java.awt.graphicsenv" value="sun.awt.X11GraphicsEnvironment"/>
    <property name="surefire.real.class.path" value="/home/develeap/Projects/analzyer/target/surefire/surefirebooter12228386627531266424.jar"/>
    <property name="sun.management.compiler" value="HotSpot 64-Bit Tiered Compilers"/>
    <property name="java.runtime.version" value="11.0.11+9-Ubuntu-0ubuntu2.18.04"/>
    <property name="user.name" value="develeap"/>
    <property name="path.separator" value=":"/>
    <property name="os.version" value="5.4.0-72-generic"/>
    <property name="java.runtime.name" value="OpenJDK Runtime Environment"/>
    <property name="file.encoding" value="UTF-8"/>
    <property name="java.vm.name" value="OpenJDK 64-Bit Server VM"/>
    <property name="localRepository" value="/home/develeap/.m2/repository"/>
    <property name="java.vendor.url.bug" value="https://bugs.launchpad.net/ubuntu/+source/openjdk-lts"/>
    <property name="java.io.tmpdir" value="/tmp"/>
    <property name="idea.version" value="2021.1"/>
    <property name="java.version" value="11.0.11"/>
    <property name="user.dir" value="/home/develeap/Projects/analzyer"/>
    <property name="os.arch" value="amd64"/>
    <property name="java.vm.specification.name" value="Java Virtual Machine Specification"/>
    <property name="java.awt.printerjob" value="sun.print.PSPrinterJob"/>
    <property name="sun.os.patch.level" value="unknown"/>
    <property name="java.library.path" value="/usr/java/packages/lib:/usr/lib/x86_64-linux-gnu/jni:/lib/x86_64-linux-gnu:/usr/lib/x86_64-linux-gnu:/usr/lib/jni:/lib:/usr/lib"/>
    <property name="java.vm.info" value="mixed mode, sharing"/>
    <property name="java.vendor" value="Ubuntu"/>
    <property name="java.vm.version" value="11.0.11+9-Ubuntu-0ubuntu2.18.04"/>
    <property name="sun.io.unicode.encoding" value="UnicodeLittle"/>
    <property name="java.class.version" value="55.0"/>
  </properties>
  <testcase name="contextLoads" classname="bank.poalim.analyzer.AnalyzerApplicationTests" time="0.015"/>
</testsuite>